v3.1.17 20170926
add adc filter to temperature

v3.1.16	20170724
Use B point for calibration.(command: "M2401 B")

v3.1.15	20170720
update grove color sersor lib
update RGBLCD lib

v3.1.14	20170712
fix bug: LCD cannot display the content that begins with "T"
Add save acceleration function

v3.1.13	20170711
update grove RGBLCD lib 

v3.1.12	20170707
Add grove RGBLCD lib 
report 3D Printer temperature error (@7 temp_error)

v3.1.11	20170629
optimize M2245 (change Bluetooth name)

v3.1.10	20170628
Add grove Temperature & Humidity /PIR Motion /electromagnet sensor lib

v3.1.9	20170622
Improve learning mode performence
Add M2500 cmd to use OpenMV.

v3.1.8	20170620
update grove color sersor lib

v3.1.7	20170615
improve learning performence.

v3.1.6	20170613
support grove mini fan(use D8 port or D9 port)
fix the jerk of 4th axis in moving and playing mode
fix the unpredictable working of valve during the learning mode

v3.1.4	20170527
support grove ultrasonic(use D8 port)

v3.1.3 	20170525
fix bug: cannot release object from pump

v3.1.2 	20170505
First Release Version

